#
# A fatal error has been detected by the Java Runtime Environment:
#
#  SIGSEGV (0xb) at pc=0x00007ff806094e4a, pid=71293, tid=0x000000000000c807
#
# JRE version: OpenJDK Runtime Environment (8.0_232-b09) (build 1.8.0_232-b09)
# Java VM: OpenJDK 64-Bit Server VM (25.232-b09 mixed mode bsd-amd64 compressed oops)
# Problematic frame:
# C  [libc++abi.dylib+0x10e4a]  __dynamic_cast+0x173
#
# Failed to write core dump. Core dumps have been disabled. To enable core dumping, try "ulimit -c unlimited" before starting Java again
#
# If you would like to submit a bug report, please visit:
#   http://bugreport.java.com/bugreport/crash.jsp
# The crash happened outside the Java Virtual Machine in native code.
# See problematic frame for where to report the bug.
#

---------------  T H R E A D  ---------------

Current thread (0x00007fc4df760000):  JavaThread "pool-41-thread-4" [_thread_in_native, id=51207, stack(0x000070000e955000,0x000070000ef55000)]

siginfo: si_signo: 11 (SIGSEGV), si_code: 1 (SEGV_MAPERR), si_addr: 0x0000441f0f660019

Registers:
RAX=0x000000012f9aff01, RBX=0x000070000ef52e00, RCX=0x0000000000000000, RDX=0x000000012fb2b990
RSP=0x000070000ef52230, RBP=0x000070000ef522c0, RSI=0x0000000131dc2db0, RDI=0x000000012fb2c020
R8 =0x0000000000000068, R9 =0x0000000000000000, R10=0x00000000000007fb, R11=0x0000000000026d70
R12=0x0000000000000000, R13=0x000000012fb2c020, R14=0x8df6e95f153c0875, R15=0x0000441f0f660011
RIP=0x00007ff806094e4a, EFLAGS=0x0000000000010246, ERR=0x0000000000000004
  TRAPNO=0x000000000000000e

Top of Stack: (sp=0x000070000ef52230)
0x000070000ef52230:   0000600007e1fb30 000000012fb2b990
0x000070000ef52240:   000000012fb2c020 0000000131dc2db0
0x000070000ef52250:   0000000000000000 0000000000000000
0x000070000ef52260:   0000000000000000 0000000000000000
0x000070000ef52270:   0000000000000000 0000000000000000
0x000070000ef52280:   0000000000000000 0000000131dc2db0
0x000070000ef52290:   000000012fb2b990 000070000ef52e18
0x000070000ef522a0:   000060000b226180 000070000ef52fc8
0x000070000ef522b0:   000060000b2261d8 000070000ef52fc8
0x000070000ef522c0:   000070000ef522d0 0000000131c78b10
0x000070000ef522d0:   000070000ef523c0 0000000131cf526c
0x000070000ef522e0:   000000012fb2c020 00007ff847843000
0x000070000ef522f0:   000070000ef52320 00007ff805ef35a4
0x000070000ef52300:   00007ff805ef356c 00000000000000b0
0x000070000ef52310:   0000000000000001 00007ff847843000
0x000070000ef52320:   000070000ef52360 00007ff805f0fabb
0x000070000ef52330:   0000600006c05720 00000000000000b0
0x000070000ef52340:   00000000000000b0 000070000ef52468
0x000070000ef52350:   000060000aa1dfa0 000070000ef52480
0x000070000ef52360:   000070000ef52380 00007ff80609595a
0x000070000ef52370:   000070000ef523e0 0000000131c32c95
0x000070000ef52380:   000070000ef523f8 00000000000000b1
0x000070000ef52390:   0000600007e0b6d0 0000600002d6c240
0x000070000ef523a0:   0000000000000005 000070000ef52fc8
0x000070000ef523b0:   0000600002d64d80 0000000000000000
0x000070000ef523c0:   000070000ef52410 0000000131cfca13
0x000070000ef523d0:   0000600002d64de0 000060000a835820
0x000070000ef523e0:   0000600002d64d80 0000600002d6c240
0x000070000ef523f0:   000070000ef52480 000060000b31b280
0x000070000ef52400:   000070000ef52fc8 000060000a835820
0x000070000ef52410:   000070000ef52630 0000000131cf62e6
0x000070000ef52420:   000070000ef52a78 0000600002e4f2a0 

Instructions: (pc=0x00007ff806094e4a)
0x00007ff806094e2a:   01 8b 4d ac 8b 55 b0 83 f1 01 09 c1 83 f2 01 09
0x00007ff806094e3a:   ca 0f 85 ff 00 00 00 48 8b 45 a0 e9 18 01 00 00
0x00007ff806094e4a:   49 8b 47 08 48 8b 4d d0 48 3b 41 08 0f 85 09 ff
0x00007ff806094e5a:   ff ff 4c 89 a5 70 ff ff ff 4c 8d a5 78 ff ff ff 

Register to memory mapping:

RAX=0x000000012f9aff01: _ZN4Sass4NullD1Ev+0x1 in /Users/jackheslop/Library/Caches/JNA/temp/jna6550953239110778796.tmp at 0x000000012f999000
RBX=0x000070000ef52e00 is pointing into the stack for thread: 0x00007fc4df760000
RCX=0x0000000000000000 is an unknown value
RDX=0x000000012fb2b990: _ZTIN4Sass10ExpressionE+0 in /Users/jackheslop/Library/Caches/JNA/temp/jna6550953239110778796.tmp at 0x000000012f999000
RSP=0x000070000ef52230 is pointing into the stack for thread: 0x00007fc4df760000
RBP=0x000070000ef522c0 is pointing into the stack for thread: 0x00007fc4df760000
RSI=0x0000000131dc2db0: _ZTIN4Sass8AST_NodeE+0 in /Users/jackheslop/Library/Caches/JNA/temp/jna8752190021754679483.tmp at 0x0000000131bda000
RDI=0x000000012fb2c020: _ZTVN4Sass10SharedImplINS_8AST_NodeEEE+0x10 in /Users/jackheslop/Library/Caches/JNA/temp/jna6550953239110778796.tmp at 0x000000012f999000
R8 =0x0000000000000068 is an unknown value
R9 =0x0000000000000000 is an unknown value
R10=0x00000000000007fb is an unknown value
R11=0x0000000000026d70 is an unknown value
R12=0x0000000000000000 is an unknown value
R13=0x000000012fb2c020: _ZTVN4Sass10SharedImplINS_8AST_NodeEEE+0x10 in /Users/jackheslop/Library/Caches/JNA/temp/jna6550953239110778796.tmp at 0x000000012f999000
R14=0x8df6e95f153c0875 is an unknown value
R15=0x0000441f0f660011 is an unknown value


Stack: [0x000070000e955000,0x000070000ef55000],  sp=0x000070000ef52230,  free space=6132k
Native frames: (J=compiled Java code, j=interpreted, Vv=VM code, C=native code)
C  [libc++abi.dylib+0x10e4a]  __dynamic_cast+0x173
C  [jna8752190021754679483.tmp+0x9eb10]  Sass::Expression* Sass::Cast<Sass::Expression>(Sass::AST_Node*)+0x20
C  [jna8752190021754679483.tmp+0x11b26c]  Sass::Expand::operator()(Sass::Assignment*)+0x2ac
C  [jna8752190021754679483.tmp+0x122a13]  Sass::Expand::append_block(Sass::Block*)+0xf3
C  [jna8752190021754679483.tmp+0x11c2e6]  Sass::Expand::operator()(Sass::Import_Stub*)+0x596
C  [jna8752190021754679483.tmp+0x122a13]  Sass::Expand::append_block(Sass::Block*)+0xf3
C  [jna8752190021754679483.tmp+0x11c2e6]  Sass::Expand::operator()(Sass::Import_Stub*)+0x596
C  [jna8752190021754679483.tmp+0x122a13]  Sass::Expand::append_block(Sass::Block*)+0xf3
C  [jna8752190021754679483.tmp+0x11c2e6]  Sass::Expand::operator()(Sass::Import_Stub*)+0x596
C  [jna8752190021754679483.tmp+0x122a13]  Sass::Expand::append_block(Sass::Block*)+0xf3
C  [jna8752190021754679483.tmp+0x11c2e6]  Sass::Expand::operator()(Sass::Import_Stub*)+0x596
C  [jna8752190021754679483.tmp+0x122a13]  Sass::Expand::append_block(Sass::Block*)+0xf3
C  [jna8752190021754679483.tmp+0x1182c6]  Sass::Expand::operator()(Sass::Block*)+0x136
C  [jna8752190021754679483.tmp+0x5392b]  Sass::Context::compile()+0x20b
C  [jna8752190021754679483.tmp+0x530ce]  Sass::File_Context::parse()+0x38e
C  [jna8752190021754679483.tmp+0x16261e]  sass_compiler_parse+0xce
C  [jna8752190021754679483.tmp+0x16237a]  sass_compile_context(Sass_Context*, Sass::Context*)+0x1a
C  [jna8204089641984052411.tmp+0xf11a]  ffi_prep_go_closure+0x54a
C  0x000070000ef53da8

Java frames: (J=compiled Java code, j=interpreted, Vv=VM code)
J 7884  com.sun.jna.Native.invokeInt(Lcom/sun/jna/Function;JI[Ljava/lang/Object;)I (0 bytes) @ 0x0000000119f05439 [0x0000000119f053c0+0x79]
J 63785 C2 com.sun.jna.Function.invoke([Ljava/lang/Object;Ljava/lang/Class;ZI)Ljava/lang/Object; (769 bytes) @ 0x000000012277c830 [0x000000012277c700+0x130]
J 63686 C2 com.sun.jna.Function.invoke(Ljava/lang/reflect/Method;[Ljava/lang/Class;Ljava/lang/Class;[Ljava/lang/Object;Ljava/util/Map;)Ljava/lang/Object; (548 bytes) @ 0x0000000122d95f10 [0x0000000122d953e0+0xb30]
J 53316 C2 com.sun.jna.Library$Handler.invoke(Ljava/lang/Object;Ljava/lang/reflect/Method;[Ljava/lang/Object;)Ljava/lang/Object; (394 bytes) @ 0x00000001219e0010 [0x00000001219dfc20+0x3f0]
j  com.sun.proxy.$Proxy34.sass_compile_file_context(Lorg/irundaia/sass/jna/SassLibrary$Sass_File_Context;)I+16
j  org.irundaia.sass.SassCompiler$.doCompile(Ljava/nio/file/Path;Lorg/irundaia/sass/CompilerSettings;)Lscala/util/Either;+101
j  org.irundaia.sass.SassCompiler$.compile(Ljava/nio/file/Path;Ljava/nio/file/Path;Ljava/nio/file/Path;Lorg/irundaia/sass/CompilerSettings;)Lscala/util/Either;+65
j  org.irundaia.sbt.sass.SbtSassify$.$anonfun$baseSbtSassifySettings$10(Ljava/io/File;Ljava/io/File;Lscala/runtime/LazyRef;Lorg/irundaia/sass/CssStyle;ZZLorg/irundaia/sass/SyntaxDetection;Ljava/io/File;Ljava/lang/String;ILjava/lang/String;Ljava/io/File;)Lscala/Tuple2;+47
j  org.irundaia.sbt.sass.SbtSassify$$$Lambda$20008.apply(Ljava/lang/Object;)Ljava/lang/Object;+48
J 4543 C2 scala.collection.TraversableLike$$Lambda$36.apply(Ljava/lang/Object;)Ljava/lang/Object; (13 bytes) @ 0x0000000119cd6c2c [0x0000000119cd6be0+0x4c]
J 8168 C2 scala.collection.mutable.ArrayBuffer.foreach(Lscala/Function1;)V (6 bytes) @ 0x0000000119fe57a8 [0x0000000119fe5720+0x88]
J 7280 C2 scala.collection.AbstractTraversable.map(Lscala/Function1;Lscala/collection/generic/CanBuildFrom;)Ljava/lang/Object; (7 bytes) @ 0x000000011a3f0a60 [0x000000011a3f0960+0x100]
j  org.irundaia.sbt.sass.SbtSassify$.$anonfun$baseSbtSassifySettings$8(Lsbt/internal/util/ManagedLogger;Ljava/io/File;Ljava/io/File;Lxsbti/Reporter;Lscala/runtime/LazyRef;Lorg/irundaia/sass/CssStyle;ZZLorg/irundaia/sass/SyntaxDetection;Ljava/io/File;Ljava/lang/String;ILjava/lang/String;Lscala/collection/Seq;)Lscala/Tuple2;+62
j  org.irundaia.sbt.sass.SbtSassify$$$Lambda$20006.apply(Ljava/lang/Object;)Ljava/lang/Object;+56
j  com.typesafe.sbt.web.incremental.package$.syncIncremental(Ljava/io/File;Lscala/collection/Seq;Lscala/Function1;Lcom/typesafe/sbt/web/incremental/OpInputHasher;)Lscala/Tuple2;+94
j  org.irundaia.sbt.sass.SbtSassify$.$anonfun$baseSbtSassifySettings$6(Lsbt/internal/util/KCons;)Lscala/collection/Seq;+432
j  org.irundaia.sbt.sass.SbtSassify$$$Lambda$16599.apply(Ljava/lang/Object;)Ljava/lang/Object;+4
J 63819 C2 sbt.internal.util.$tilde$greater$$Lambda$2536.apply(Ljava/lang/Object;)Ljava/lang/Object; (17 bytes) @ 0x000000011967b450 [0x000000011967b3c0+0x90]
J 71534 C2 sbt.ConcurrentRestrictions$$anon$4$$Lambda$2559.apply()Ljava/lang/Object; (16 bytes) @ 0x0000000123d2fb40 [0x0000000123d2f8a0+0x2a0]
J 74696 C2 sbt.CompletionService$$anon$2.call()Ljava/lang/Object; (66 bytes) @ 0x0000000119cce108 [0x0000000119cce0c0+0x48]
J 64612 C2 java.util.concurrent.FutureTask.run()V (126 bytes) @ 0x00000001218eb574 [0x00000001218eb4c0+0xb4]
J 68880 C2 java.util.concurrent.Executors$RunnableAdapter.call()Ljava/lang/Object; (14 bytes) @ 0x000000012355cf2c [0x000000012355cee0+0x4c]
J 64612 C2 java.util.concurrent.FutureTask.run()V (126 bytes) @ 0x00000001218eb574 [0x00000001218eb4c0+0xb4]
J 62173 C2 java.util.concurrent.ThreadPoolExecutor.runWorker(Ljava/util/concurrent/ThreadPoolExecutor$Worker;)V (225 bytes) @ 0x000000011fd0466c [0x000000011fd043e0+0x28c]
j  java.util.concurrent.ThreadPoolExecutor$Worker.run()V+5
j  java.lang.Thread.run()V+11
v  ~StubRoutines::call_stub

---------------  P R O C E S S  ---------------

Java Threads: ( => current thread )
  0x00007fc4f37c5000 JavaThread "ForkJoinPool.commonPool-worker-1" daemon [_thread_blocked, id=39823, stack(0x000070001a3b2000,0x000070001a9b2000)]
  0x00007fc4ee273800 JavaThread "scala-execution-context-global-862" daemon [_thread_blocked, id=86287, stack(0x0000700019daf000,0x000070001a3af000)]
  0x00007fc4e4168000 JavaThread "scala-execution-context-global-865" daemon [_thread_blocked, id=27675, stack(0x00007000197ac000,0x0000700019dac000)]
  0x00007fc4f6a5b000 JavaThread "scala-execution-context-global-864" daemon [_thread_blocked, id=39583, stack(0x00007000191a9000,0x00007000197a9000)]
  0x00007fc4f4916800 JavaThread "scala-execution-context-global-863" daemon [_thread_blocked, id=84563, stack(0x000070001558b000,0x0000700015b8b000)]
  0x00007fc4f6945000 JavaThread "pool-41-thread-10" [_thread_blocked, id=40455, stack(0x0000700014f88000,0x0000700015588000)]
  0x00007fc4f70c5800 JavaThread "pool-41-thread-9" [_thread_blocked, id=48411, stack(0x0000700014985000,0x0000700014f85000)]
  0x00007fc4ef25a800 JavaThread "pool-41-thread-8" [_thread_blocked, id=80471, stack(0x0000700012b76000,0x0000700013176000)]
  0x00007fc4f4914800 JavaThread "pool-41-thread-7" [_thread_blocked, id=49671, stack(0x0000700012573000,0x0000700012b73000)]
  0x00007fc4f3a49800 JavaThread "pool-41-thread-6" [_thread_in_Java, id=80167, stack(0x0000700011f70000,0x0000700012570000)]
  0x00007fc4ef259800 JavaThread "pool-41-thread-5" [_thread_blocked, id=44227, stack(0x000070000ef58000,0x000070000f558000)]
=>0x00007fc4df760000 JavaThread "pool-41-thread-4" [_thread_in_native, id=51207, stack(0x000070000e955000,0x000070000ef55000)]
  0x00007fc4f9293000 JavaThread "pool-41-thread-3" [_thread_in_native, id=77611, stack(0x000070000e352000,0x000070000e952000)]
  0x00007fc4ef09b800 JavaThread "pool-41-thread-2" [_thread_blocked, id=84283, stack(0x000070000dd4f000,0x000070000e34f000)]
  0x00007fc4ef968000 JavaThread "sbt-progress-report-scheduler" [_thread_blocked, id=70691, stack(0x000070000d74c000,0x000070000dd4c000)]
  0x00007fc4df1ed000 JavaThread "pool-41-thread-1" [_thread_blocked, id=55319, stack(0x000070000d149000,0x000070000d749000)]
  0x00007fc4f911f800 JavaThread "sbt-task-progress-report-thread" [_thread_blocked, id=50043, stack(0x000070000b30f000,0x000070000b90f000)]
  0x00007fc4f7057000 JavaThread "scala-execution-context-global-846" daemon [_thread_blocked, id=31871, stack(0x0000700018ba6000,0x00007000191a6000)]
  0x00007fc4f735e800 JavaThread "scala-execution-context-global-847" daemon [_thread_blocked, id=82951, stack(0x0000700017fa0000,0x00007000185a0000)]
  0x00007fc4f328d000 JavaThread "coursier-pool-1-thread-6" daemon [_thread_blocked, id=43827, stack(0x000070001d9cd000,0x000070001dfcd000)]
  0x00007fc4f731c800 JavaThread "coursier-pool-1-thread-5" daemon [_thread_blocked, id=59151, stack(0x000070001d3ca000,0x000070001d9ca000)]
  0x00007fc4f690f800 JavaThread "coursier-pool-1-thread-4" daemon [_thread_blocked, id=38191, stack(0x000070001cdc7000,0x000070001d3c7000)]
  0x00007fc4f6b98000 JavaThread "coursier-pool-1-thread-3" daemon [_thread_blocked, id=48035, stack(0x000070001c7c4000,0x000070001cdc4000)]
  0x00007fc4f60c8000 JavaThread "coursier-pool-1-thread-2" daemon [_thread_blocked, id=78103, stack(0x000070001c1c1000,0x000070001c7c1000)]
  0x00007fc4e4064800 JavaThread "coursier-pool-1-thread-1" daemon [_thread_blocked, id=77123, stack(0x000070001bbbe000,0x000070001c1be000)]
  0x00007fc4e1447800 JavaThread "scala-execution-context-global-836" daemon [_thread_blocked, id=13595, stack(0x000070001afb8000,0x000070001b5b8000)]
  0x00007fc4e1625800 JavaThread "scala-execution-context-global-838" daemon [_thread_blocked, id=56607, stack(0x000070001a9b5000,0x000070001afb5000)]
  0x00007fc4f73f8800 JavaThread "com.swoval.files.apple.FileEventsMonitor.callback-1" [_thread_blocked, id=86583, stack(0x000070001799d000,0x0000700017f9d000)]
  0x00007fc4f2dc4000 JavaThread "process reaper" daemon [_thread_blocked, id=86059, stack(0x0000700007ce2000,0x0000700007d0a000)]
  0x00007fc4f62c8800 JavaThread "com.swoval.files.apple.FileEventsMonitor.callback-1" [_thread_blocked, id=83919, stack(0x000070000cb46000,0x000070000d146000)]
  0x00007fc4df359000 JavaThread "com.swoval.files.apple.FileEventsMonitor.runloop" [_thread_in_native, id=45659, stack(0x000070001739a000,0x000070001799a000)]
  0x00007fc4e43a7000 JavaThread "FileTreeRepository-callback-executor-1" [_thread_blocked, id=25647, stack(0x0000700016d97000,0x0000700017397000)]
  0x00007fc4df789000 JavaThread "com.swoval.files.SymlinkWather.callback-executor-1" [_thread_blocked, id=48203, stack(0x0000700016794000,0x0000700016d94000)]
  0x00007fc4f709c800 JavaThread "com.swoval.files.apple.FileEventsMonitor.runloop" [_thread_in_native, id=53007, stack(0x0000700016191000,0x0000700016791000)]
  0x00007fc4dfd30800 JavaThread "sbt-web-akka.actor.default-dispatcher-4" [_thread_blocked, id=28931, stack(0x0000700015b8e000,0x000070001618e000)]
  0x00007fc4e17cb800 JavaThread "sbt-web-scheduler-1" [_thread_blocked, id=37659, stack(0x000070001196d000,0x0000700011f6d000)]
  0x00007fc4f58b4800 JavaThread "com.swoval.files.apple.FileEventsMonitor.runloop" [_thread_in_native, id=45323, stack(0x000070001136a000,0x000070001196a000)]
  0x00007fc4e1626800 JavaThread "FileTreeRepository-callback-executor-1" [_thread_blocked, id=35603, stack(0x0000700010d67000,0x0000700011367000)]
  0x00007fc4f5a1e000 JavaThread "com.swoval.files.SymlinkWather.callback-executor-1" [_thread_blocked, id=27415, stack(0x0000700010161000,0x0000700010761000)]
  0x00007fc4f2e57000 JavaThread "com.swoval.files.apple.FileEventsMonitor.runloop" [_thread_in_native, id=38427, stack(0x000070000fb5e000,0x000070001015e000)]
  0x00007fc4fcbc6000 JavaThread "Timer-0" daemon [_thread_blocked, id=19571, stack(0x0000700009500000,0x0000700009b00000)]
  0x00007fc4ee63b000 JavaThread "Scala Presentation Compiler []" daemon [_thread_blocked, id=85059, stack(0x00007000185a3000,0x0000700018ba3000)]
  0x00007fc4f25c4800 JavaThread "com.swoval.files.apple.FileEventsMonitor.callback-1" [_thread_blocked, id=26635, stack(0x0000700010764000,0x0000700010d64000)]
  0x00007fc4f7780000 JavaThread "sbt-socket-server" [_thread_in_native, id=26379, stack(0x000070000f55b000,0x000070000fb5b000)]
  0x00007fc4f6b4f000 JavaThread "com.swoval.files.apple.FileEventsMonitor.runloop" [_thread_in_native, id=33795, stack(0x0000700014382000,0x0000700014982000)]
  0x00007fc4f235d000 JavaThread "FileTreeRepository-callback-executor-1" [_thread_blocked, id=34051, stack(0x0000700013d7f000,0x000070001437f000)]
  0x00007fc4f3304800 JavaThread "com.swoval.files.SymlinkWather.callback-executor-1" [_thread_blocked, id=34307, stack(0x000070001377c000,0x0000700013d7c000)]
  0x00007fc4f7779000 JavaThread "com.swoval.files.apple.FileEventsMonitor.runloop" [_thread_in_native, id=29443, stack(0x0000700013179000,0x0000700013779000)]
  0x00007fc4f3202000 JavaThread "sbt-command-exchange-fastTrack" daemon [_thread_blocked, id=41475, stack(0x000070000c543000,0x000070000cb43000)]
  0x00007fc4ef448800 JavaThread "classloader-cache-cleanup-0" daemon [_thread_blocked, id=41987, stack(0x000070000bf40000,0x000070000c540000)]
  0x00007fc4ef07b000 JavaThread "sbt-console-input-reader" [_thread_blocked, id=24067, stack(0x000070000b93d000,0x000070000bf3d000)]
  0x00007fc4ef269000 JavaThread "pool-1-thread-5" [_thread_blocked, id=42499, stack(0x000070000ad0c000,0x000070000b30c000)]
  0x00007fc4ef28c800 JavaThread "pool-1-thread-4" [_thread_blocked, id=42755, stack(0x000070000a709000,0x000070000ad09000)]
  0x00007fc4efa16800 JavaThread "pool-1-thread-3" [_thread_blocked, id=22275, stack(0x000070000a106000,0x000070000a706000)]
  0x00007fc4ee28d800 JavaThread "pool-1-thread-2" [_thread_blocked, id=22019, stack(0x0000700009b03000,0x000070000a103000)]
  0x00007fc4f2ca4800 JavaThread "pool-1-thread-1" [_thread_blocked, id=15619, stack(0x0000700008efd000,0x00007000094fd000)]
  0x00007fc4ee032000 JavaThread "Service Thread" daemon [_thread_blocked, id=15363, stack(0x00007000087f7000,0x0000700008df7000)]
  0x00007fc4ee017800 JavaThread "C1 CompilerThread3" daemon [_thread_blocked, id=17155, stack(0x00007000086f4000,0x00007000087f4000)]
  0x00007fc4ef02f000 JavaThread "C2 CompilerThread2" daemon [_thread_blocked, id=17667, stack(0x00007000085f1000,0x00007000086f1000)]
  0x00007fc4ef02e800 JavaThread "C2 CompilerThread1" daemon [_thread_blocked, id=18179, stack(0x00007000084ee000,0x00007000085ee000)]
  0x00007fc4ef04e800 JavaThread "C2 CompilerThread0" daemon [_thread_blocked, id=14851, stack(0x00007000083eb000,0x00007000084eb000)]
  0x00007fc4ef85e000 JavaThread "Signal Dispatcher" daemon [_thread_blocked, id=14339, stack(0x0000700007de8000,0x00007000083e8000)]
  0x00007fc4f2008800 JavaThread "Finalizer" daemon [_thread_blocked, id=12291, stack(0x00007000076df000,0x0000700007cdf000)]
  0x00007fc4ef024000 JavaThread "Reference Handler" daemon [_thread_blocked, id=19971, stack(0x00007000070dc000,0x00007000076dc000)]
  0x00007fc4ef00f000 JavaThread "main" [_thread_blocked, id=4099, stack(0x00007000061be000,0x00007000067be000)]

Other Threads:
  0x00007fc4ef848000 VMThread [stack: 0x0000700006fd9000,0x00007000070d9000] [id=20483]
  0x00007fc4ee033000 WatcherThread [stack: 0x0000700008dfa000,0x0000700008efa000] [id=16387]

VM state:not at safepoint (normal execution)

VM Mutex/Monitor currently owned by a thread: None

heap address: 0x0000000740800000, size: 2048 MB, Compressed Oops mode: Zero based, Oop shift amount: 3
Narrow klass base: 0x00000007c0800000, Narrow klass shift: 0
Compressed class space size: 1073741824 Address: 0x00000007c0800000

Heap:
 PSYoungGen      total 449536K, used 52461K [0x0000000795d80000, 0x00000007b8f00000, 0x00000007c0800000)
  eden space 324608K, 4% used [0x0000000795d80000,0x0000000796d0e0c0,0x00000007a9a80000)
  from space 124928K, 29% used [0x00000007a9a80000,0x00000007abe2d358,0x00000007b1480000)
  to   space 116736K, 0% used [0x00000007b1d00000,0x00000007b1d00000,0x00000007b8f00000)
 ParOldGen       total 1236480K, used 173671K [0x0000000740800000, 0x000000078bf80000, 0x0000000795d80000)
  object space 1236480K, 14% used [0x0000000740800000,0x000000074b199cf0,0x000000078bf80000)
 Metaspace       used 273646K, capacity 320640K, committed 360704K, reserved 1355776K
  class space    used 36123K, capacity 38922K, committed 54528K, reserved 1048576K

Card table byte_map: [0x000000010ace7000,0x000000010b0e8000] byte_map_base: 0x00000001072e3000

Marking Bits: (ParMarkBitMap*) 0x000000010bbf54d0
 Begin Bits: [0x000000010c137000, 0x000000010e137000)
 End Bits:   [0x000000010e137000, 0x0000000110137000)

Polling page: 0x000000010a850000

CodeCache: size=245760Kb used=177566Kb max_used=177653Kb free=68193Kb
 bounds [0x00000001190bc000, 0x000000012430c000, 0x00000001280bc000]
 total_blobs=50862 nmethods=49684 adapters=1083
 compilation: enabled

Compilation events (10 events):
Event: 8653.051 Thread 0x00007fc4ee017800 nmethod 81438 0x0000000119ed9050 code [0x0000000119ed91c0, 0x0000000119ed93a8]
Event: 8653.062 Thread 0x00007fc4ee017800 81440   !   3       scala.tools.nsc.classpath.AggregateClassPath::aggregatesForPackage (38 bytes)
Event: 8653.062 Thread 0x00007fc4ee017800 nmethod 81440 0x000000011a515610 code [0x000000011a5157e0, 0x000000011a516068]
Event: 8653.072 Thread 0x00007fc4ef04e800 81441       4       scala.tools.nsc.transform.SpecializeTypes$$Lambda$10517/547642846::apply (40 bytes)
Event: 8653.075 Thread 0x00007fc4ef04e800 nmethod 81441 0x0000000123917790 code [0x00000001239178e0, 0x0000000123917a28]
Event: 8653.076 Thread 0x00007fc4ef02e800 81442       4       scala.collection.MapLike$DefaultKeySet::foreach (16 bytes)
Event: 8653.077 Thread 0x00007fc4ef02e800 nmethod 81442 0x000000011a3547d0 code [0x000000011a354920, 0x000000011a3549d8]
Event: 8653.079 Thread 0x00007fc4ef02f000 nmethod 81439 0x0000000119828650 code [0x0000000119828920, 0x000000011982a4e0]
Event: 8653.080 Thread 0x00007fc4ee017800 81443       3       scala.tools.nsc.symtab.SymbolLoaders$ClassfileLoader$classfileParser$::classPath (16 bytes)
Event: 8653.081 Thread 0x00007fc4ee017800 nmethod 81443 0x000000011b892150 code [0x000000011b892300, 0x000000011b8926d8]

GC Heap History (10 events):
Event: 8632.619 GC heap before
{Heap before GC invocations=142 (full 17):
 PSYoungGen      total 426496K, used 200942K [0x0000000795d80000, 0x00000007b8d80000, 0x00000007c0800000)
  eden space 310272K, 39% used [0x0000000795d80000,0x000000079d477000,0x00000007a8c80000)
  from space 116224K, 68% used [0x00000007b0600000,0x00000007b5344bb0,0x00000007b7780000)
  to   space 124416K, 0% used [0x00000007a8c80000,0x00000007a8c80000,0x00000007b0600000)
 ParOldGen       total 1236480K, used 134066K [0x0000000740800000, 0x000000078bf80000, 0x0000000795d80000)
  object space 1236480K, 10% used [0x0000000740800000,0x0000000748aec8e0,0x000000078bf80000)
 Metaspace       used 276888K, capacity 324046K, committed 360704K, reserved 1355776K
  class space    used 36555K, capacity 39387K, committed 54528K, reserved 1048576K
Event: 8632.713 GC heap after
Heap after GC invocations=142 (full 17):
 PSYoungGen      total 434688K, used 67526K [0x0000000795d80000, 0x00000007b9180000, 0x00000007c0800000)
  eden space 310272K, 0% used [0x0000000795d80000,0x0000000795d80000,0x00000007a8c80000)
  from space 124416K, 54% used [0x00000007a8c80000,0x00000007ace71b28,0x00000007b0600000)
  to   space 126464K, 0% used [0x00000007b1600000,0x00000007b1600000,0x00000007b9180000)
 ParOldGen       total 1236480K, used 134066K [0x0000000740800000, 0x000000078bf80000, 0x0000000795d80000)
  object space 1236480K, 10% used [0x0000000740800000,0x0000000748aec8e0,0x000000078bf80000)
 Metaspace       used 276888K, capacity 324046K, committed 360704K, reserved 1355776K
  class space    used 36555K, capacity 39387K, committed 54528K, reserved 1048576K
}
Event: 8632.713 GC heap before
{Heap before GC invocations=143 (full 18):
 PSYoungGen      total 434688K, used 67526K [0x0000000795d80000, 0x00000007b9180000, 0x00000007c0800000)
  eden space 310272K, 0% used [0x0000000795d80000,0x0000000795d80000,0x00000007a8c80000)
  from space 124416K, 54% used [0x00000007a8c80000,0x00000007ace71b28,0x00000007b0600000)
  to   space 126464K, 0% used [0x00000007b1600000,0x00000007b1600000,0x00000007b9180000)
 ParOldGen       total 1236480K, used 134066K [0x0000000740800000, 0x000000078bf80000, 0x0000000795d80000)
  object space 1236480K, 10% used [0x0000000740800000,0x0000000748aec8e0,0x000000078bf80000)
 Metaspace       used 276888K, capacity 324046K, committed 360704K, reserved 1355776K
  class space    used 36555K, capacity 39387K, committed 54528K, reserved 1048576K
Event: 8633.570 GC heap after
Heap after GC invocations=143 (full 18):
 PSYoungGen      total 434688K, used 0K [0x0000000795d80000, 0x00000007b9180000, 0x00000007c0800000)
  eden space 310272K, 0% used [0x0000000795d80000,0x0000000795d80000,0x00000007a8c80000)
  from space 124416K, 0% used [0x00000007a8c80000,0x00000007a8c80000,0x00000007b0600000)
  to   space 126464K, 0% used [0x00000007b1600000,0x00000007b1600000,0x00000007b9180000)
 ParOldGen       total 1236480K, used 180913K [0x0000000740800000, 0x000000078bf80000, 0x0000000795d80000)
  object space 1236480K, 14% used [0x0000000740800000,0x000000074b8ac7b8,0x000000078bf80000)
 Metaspace       used 272389K, capacity 319266K, committed 360704K, reserved 1355776K
  class space    used 35981K, capacity 38777K, committed 54528K, reserved 1048576K
}
Event: 8633.572 GC heap before
{Heap before GC invocations=144 (full 18):
 PSYoungGen      total 434688K, used 2018K [0x0000000795d80000, 0x00000007b9180000, 0x00000007c0800000)
  eden space 310272K, 0% used [0x0000000795d80000,0x0000000795f78b38,0x00000007a8c80000)
  from space 124416K, 0% used [0x00000007a8c80000,0x00000007a8c80000,0x00000007b0600000)
  to   space 126464K, 0% used [0x00000007b1600000,0x00000007b1600000,0x00000007b9180000)
 ParOldGen       total 1236480K, used 180913K [0x0000000740800000, 0x000000078bf80000, 0x0000000795d80000)
  object space 1236480K, 14% used [0x0000000740800000,0x000000074b8ac7b8,0x000000078bf80000)
 Metaspace       used 272389K, capacity 319266K, committed 360704K, reserved 1355776K
  class space    used 35981K, capacity 38777K, committed 54528K, reserved 1048576K
Event: 8633.580 GC heap after
Heap after GC invocations=144 (full 18):
 PSYoungGen      total 448000K, used 192K [0x0000000795d80000, 0x00000007b8e80000, 0x00000007c0800000)
  eden space 324608K, 0% used [0x0000000795d80000,0x0000000795d80000,0x00000007a9a80000)
  from space 123392K, 0% used [0x00000007b1600000,0x00000007b1630000,0x00000007b8e80000)
  to   space 124928K, 0% used [0x00000007a9a80000,0x00000007a9a80000,0x00000007b1480000)
 ParOldGen       total 1236480K, used 180913K [0x0000000740800000, 0x000000078bf80000, 0x0000000795d80000)
  object space 1236480K, 14% used [0x0000000740800000,0x000000074b8ac7b8,0x000000078bf80000)
 Metaspace       used 272389K, capacity 319266K, committed 360704K, reserved 1355776K
  class space    used 35981K, capacity 38777K, committed 54528K, reserved 1048576K
}
Event: 8633.580 GC heap before
{Heap before GC invocations=145 (full 19):
 PSYoungGen      total 448000K, used 192K [0x0000000795d80000, 0x00000007b8e80000, 0x00000007c0800000)
  eden space 324608K, 0% used [0x0000000795d80000,0x0000000795d80000,0x00000007a9a80000)
  from space 123392K, 0% used [0x00000007b1600000,0x00000007b1630000,0x00000007b8e80000)
  to   space 124928K, 0% used [0x00000007a9a80000,0x00000007a9a80000,0x00000007b1480000)
 ParOldGen       total 1236480K, used 180913K [0x0000000740800000, 0x000000078bf80000, 0x0000000795d80000)
  object space 1236480K, 14% used [0x0000000740800000,0x000000074b8ac7b8,0x000000078bf80000)
 Metaspace       used 272389K, capacity 319266K, committed 360704K, reserved 1355776K
  class space    used 35981K, capacity 38777K, committed 54528K, reserved 1048576K
Event: 8634.565 GC heap after
Heap after GC invocations=145 (full 19):
 PSYoungGen      total 448000K, used 0K [0x0000000795d80000, 0x00000007b8e80000, 0x00000007c0800000)
  eden space 324608K, 0% used [0x0000000795d80000,0x0000000795d80000,0x00000007a9a80000)
  from space 123392K, 0% used [0x00000007b1600000,0x00000007b1600000,0x00000007b8e80000)
  to   space 124928K, 0% used [0x00000007a9a80000,0x00000007a9a80000,0x00000007b1480000)
 ParOldGen       total 1236480K, used 173663K [0x0000000740800000, 0x000000078bf80000, 0x0000000795d80000)
  object space 1236480K, 14% used [0x0000000740800000,0x000000074b197cf0,0x000000078bf80000)
 Metaspace       used 272389K, capacity 319266K, committed 360704K, reserved 1355776K
  class space    used 35981K, capacity 38777K, committed 54528K, reserved 1048576K
}
Event: 8652.988 GC heap before
{Heap before GC invocations=146 (full 19):
 PSYoungGen      total 448000K, used 324608K [0x0000000795d80000, 0x00000007b8e80000, 0x00000007c0800000)
  eden space 324608K, 100% used [0x0000000795d80000,0x00000007a9a80000,0x00000007a9a80000)
  from space 123392K, 0% used [0x00000007b1600000,0x00000007b1600000,0x00000007b8e80000)
  to   space 124928K, 0% used [0x00000007a9a80000,0x00000007a9a80000,0x00000007b1480000)
 ParOldGen       total 1236480K, used 173663K [0x0000000740800000, 0x000000078bf80000, 0x0000000795d80000)
  object space 1236480K, 14% used [0x0000000740800000,0x000000074b197cf0,0x000000078bf80000)
 Metaspace       used 273620K, capacity 320610K, committed 360704K, reserved 1355776K
  class space    used 36118K, capacity 38917K, committed 54528K, reserved 1048576K
Event: 8653.009 GC heap after
Heap after GC invocations=146 (full 19):
 PSYoungGen      total 449536K, used 36532K [0x0000000795d80000, 0x00000007b8f00000, 0x00000007c0800000)
  eden space 324608K, 0% used [0x0000000795d80000,0x0000000795d80000,0x00000007a9a80000)
  from space 124928K, 29% used [0x00000007a9a80000,0x00000007abe2d358,0x00000007b1480000)
  to   space 116736K, 0% used [0x00000007b1d00000,0x00000007b1d00000,0x00000007b8f00000)
 ParOldGen       total 1236480K, used 173671K [0x0000000740800000, 0x000000078bf80000, 0x0000000795d80000)
  object space 1236480K, 14% used [0x0000000740800000,0x000000074b199cf0,0x000000078bf80000)
 Metaspace       used 273620K, capacity 320610K, committed 360704K, reserved 1355776K
  class space    used 36118K, capacity 38917K, committed 54528K, reserved 1048576K
}

Deoptimization events (10 events):
Event: 8632.229 Thread 0x00007fc4f3c96800 Uncommon trap: reason=unstable_if action=reinterpret pc=0x000000011ecd39dc method=scala.reflect.internal.Definitions$DefinitionsClass.ScalaInlineClass()Lscala/reflect/internal/Symbols$ClassSymbol; @ 10
Event: 8632.285 Thread 0x00007fc4f3c96800 Uncommon trap: reason=unstable_if action=reinterpret pc=0x00000001207d537c method=scala.reflect.internal.Definitions$DefinitionsClass.DelayedInitClass()Lscala/reflect/internal/Symbols$ClassSymbol; @ 10
Event: 8651.330 Thread 0x00007fc4e4168000 Uncommon trap: reason=speculate_class_check action=maybe_recompile pc=0x000000011de7d790 method=java.util.stream.AbstractPipeline.evaluate(Ljava/util/Spliterator;ZLjava/util/function/IntFunction;)Ljava/util/stream/Node; @ 23
Event: 8651.376 Thread 0x00007fc4e4168000 Uncommon trap: reason=speculate_class_check action=maybe_recompile pc=0x000000011de7d790 method=java.util.stream.AbstractPipeline.evaluate(Ljava/util/Spliterator;ZLjava/util/function/IntFunction;)Ljava/util/stream/Node; @ 23
Event: 8651.536 Thread 0x00007fc4e4168000 Uncommon trap: reason=speculate_class_check action=maybe_recompile pc=0x000000011de7d790 method=java.util.stream.AbstractPipeline.evaluate(Ljava/util/Spliterator;ZLjava/util/function/IntFunction;)Ljava/util/stream/Node; @ 23
Event: 8651.559 Thread 0x00007fc4e4168000 Uncommon trap: reason=speculate_class_check action=maybe_recompile pc=0x000000011de7d790 method=java.util.stream.AbstractPipeline.evaluate(Ljava/util/Spliterator;ZLjava/util/function/IntFunction;)Ljava/util/stream/Node; @ 23
Event: 8652.931 Thread 0x00007fc4df760000 Uncommon trap: reason=speculate_class_check action=maybe_recompile pc=0x00000001232dff44 method=com.sun.jna.Native.getNativeSize(Ljava/lang/Class;)I @ 45
Event: 8652.931 Thread 0x00007fc4df760000 Uncommon trap: reason=speculate_class_check action=maybe_recompile pc=0x00000001232dff44 method=com.sun.jna.Native.getNativeSize(Ljava/lang/Class;)I @ 45
Event: 8652.962 Thread 0x00007fc4f3a49800 Uncommon trap: reason=bimorphic action=maybe_recompile pc=0x0000000121cce720 method=com.sun.org.apache.xerces.internal.impl.XMLDocumentFragmentScannerImpl.scanStartElement()Z @ 436
Event: 8652.962 Thread 0x00007fc4f3a49800 Uncommon trap: reason=bimorphic action=maybe_recompile pc=0x0000000121cce720 method=com.sun.org.apache.xerces.internal.impl.XMLDocumentFragmentScannerImpl.scanStartElement()Z @ 436

Classes redefined (0 events):
No events

Internal exceptions (10 events):
Event: 8652.849 Thread 0x00007fc4f3a49800 Exception <a 'sun/nio/fs/UnixException'> (0x00000007a5806368) thrown at [/Users/jenkins/workspace/build-scripts/jobs/jdk8u/jdk8u-mac-x64-hotspot/workspace/build/src/hotspot/src/share/vm/prims/jni.cpp, line 710]
Event: 8652.858 Thread 0x00007fc4f73f8800 Exception <a 'sun/nio/fs/UnixException'> (0x0000000795f31320) thrown at [/Users/jenkins/workspace/build-scripts/jobs/jdk8u/jdk8u-mac-x64-hotspot/workspace/build/src/hotspot/src/share/vm/prims/jni.cpp, line 710]
Event: 8652.858 Thread 0x00007fc4f62c8800 Exception <a 'sun/nio/fs/UnixException'> (0x0000000795f62588) thrown at [/Users/jenkins/workspace/build-scripts/jobs/jdk8u/jdk8u-mac-x64-hotspot/workspace/build/src/hotspot/src/share/vm/prims/jni.cpp, line 710]
Event: 8652.858 Thread 0x00007fc4f25c4800 Exception <a 'sun/nio/fs/UnixException'> (0x00000007a5a80610) thrown at [/Users/jenkins/workspace/build-scripts/jobs/jdk8u/jdk8u-mac-x64-hotspot/workspace/build/src/hotspot/src/share/vm/prims/jni.cpp, line 710]
Event: 8652.858 Thread 0x00007fc4f73f8800 Exception <a 'sun/nio/fs/UnixException'> (0x0000000795f33a30) thrown at [/Users/jenkins/workspace/build-scripts/jobs/jdk8u/jdk8u-mac-x64-hotspot/workspace/build/src/hotspot/src/share/vm/prims/jni.cpp, line 710]
Event: 8652.858 Thread 0x00007fc4f25c4800 Exception <a 'sun/nio/fs/UnixException'> (0x00000007a5a82b88) thrown at [/Users/jenkins/workspace/build-scripts/jobs/jdk8u/jdk8u-mac-x64-hotspot/workspace/build/src/hotspot/src/share/vm/prims/jni.cpp, line 710]
Event: 8652.858 Thread 0x00007fc4f62c8800 Exception <a 'sun/nio/fs/UnixException'> (0x0000000795f64b00) thrown at [/Users/jenkins/workspace/build-scripts/jobs/jdk8u/jdk8u-mac-x64-hotspot/workspace/build/src/hotspot/src/share/vm/prims/jni.cpp, line 710]
Event: 8652.927 Thread 0x00007fc4df760000 Exception <a 'sun/nio/fs/UnixException'> (0x00000007a86b6638) thrown at [/Users/jenkins/workspace/build-scripts/jobs/jdk8u/jdk8u-mac-x64-hotspot/workspace/build/src/hotspot/src/share/vm/prims/jni.cpp, line 710]
Event: 8653.050 Thread 0x00007fc4f3a49800 Exception <a 'sun/nio/fs/UnixException'> (0x00000007962c7db8) thrown at [/Users/jenkins/workspace/build-scripts/jobs/jdk8u/jdk8u-mac-x64-hotspot/workspace/build/src/hotspot/src/share/vm/prims/jni.cpp, line 710]
Event: 8653.050 Thread 0x00007fc4f3a49800 Exception <a 'sun/nio/fs/UnixException'> (0x00000007962cc268) thrown at [/Users/jenkins/workspace/build-scripts/jobs/jdk8u/jdk8u-mac-x64-hotspot/workspace/build/src/hotspot/src/share/vm/prims/jni.cpp, line 710]

Events (10 events):
Event: 8653.069 Executing VM operation: ForceSafepoint done
Event: 8653.077 Thread 0x00007fc4ef04e800 flushing nmethod 0x000000011c85d390
Event: 8653.077 Thread 0x00007fc4ef04e800 flushing nmethod 0x000000011c85d710
Event: 8653.077 Thread 0x00007fc4ef04e800 flushing nmethod 0x000000011c85ded0
Event: 8653.078 Thread 0x00007fc4ef04e800 flushing nmethod 0x000000011c85e990
Event: 8653.078 Thread 0x00007fc4ef04e800 flushing nmethod 0x000000011c860850
Event: 8653.080 Thread 0x00007fc4ef04e800 flushing nmethod 0x000000011cee5a50
Event: 8653.082 Thread 0x00007fc4ee017800 flushing nmethod 0x000000011d1c1350
Event: 8653.082 Thread 0x00007fc4ee017800 flushing nmethod 0x000000011d254e90
Event: 8653.082 Thread 0x00007fc4ee017800 flushing nmethod 0x000000011d256090


Dynamic libraries:
0x00007ff81cf44000 	/System/Library/Frameworks/Cocoa.framework/Versions/A/Cocoa
0x00007ff808b98000 	/System/Library/Frameworks/AppKit.framework/Versions/C/AppKit
0x00007ff80c0af000 	/System/Library/Frameworks/CoreData.framework/Versions/A/CoreData
0x00007ff806f9b000 	/System/Library/Frameworks/Foundation.framework/Versions/C/Foundation
0x00007ff810ed2000 	/usr/lib/libSystem.B.dylib
0x00007ff809a28000 	/System/Library/PrivateFrameworks/UIFoundation.framework/Versions/A/UIFoundation
0x00007ff816e45000 	/System/Library/PrivateFrameworks/RemoteViewServices.framework/Versions/A/RemoteViewServices
0x00007ff80f126000 	/System/Library/PrivateFrameworks/XCTTargetBootstrap.framework/Versions/A/XCTTargetBootstrap
0x00007ff812cdb000 	/System/Library/PrivateFrameworks/InternationalSupport.framework/Versions/A/InternationalSupport
0x00007ff812d65000 	/System/Library/PrivateFrameworks/UserActivity.framework/Versions/A/UserActivity
0x00007ff8120b9000 	/usr/lib/libspindump.dylib
0x00007ff809cb7000 	/System/Library/Frameworks/UniformTypeIdentifiers.framework/Versions/A/UniformTypeIdentifiers
0x00007ff80d84a000 	/usr/lib/libapp_launch_measurement.dylib
0x00007ff80ca81000 	/System/Library/PrivateFrameworks/CoreAnalytics.framework/Versions/A/CoreAnalytics
0x00007ff80d84d000 	/System/Library/PrivateFrameworks/CoreAutoLayout.framework/Versions/A/CoreAutoLayout
0x00007ff80ea7d000 	/System/Library/Frameworks/Metal.framework/Versions/A/Metal
0x00007ff80f7ac000 	/usr/lib/liblangid.dylib
0x00007ff80f12b000 	/System/Library/PrivateFrameworks/CoreSVG.framework/Versions/A/CoreSVG
0x00007ff80b0a3000 	/System/Library/PrivateFrameworks/SkyLight.framework/Versions/A/SkyLight
0x00007ff80b442000 	/System/Library/Frameworks/CoreGraphics.framework/Versions/A/CoreGraphics
0x00007ff817505000 	/System/Library/Frameworks/Accelerate.framework/Versions/A/Accelerate
0x00007ff811b38000 	/System/Library/PrivateFrameworks/IconServices.framework/Versions/A/IconServices
0x00007ff80ea62000 	/System/Library/Frameworks/IOSurface.framework/Versions/A/IOSurface
0x00007ff80caaf000 	/usr/lib/libDiagnosticMessagesClient.dylib
0x00007ff810df2000 	/usr/lib/libz.1.dylib
0x00007ff81abe8000 	/System/Library/Frameworks/ApplicationServices.framework/Versions/A/ApplicationServices
0x00007ff80f112000 	/System/Library/PrivateFrameworks/DFRFoundation.framework/Versions/A/DFRFoundation
0x00007ff808480000 	/usr/lib/libicucore.A.dylib
0x00007ff813ad1000 	/System/Library/Frameworks/AudioToolbox.framework/Versions/A/AudioToolbox
0x00007ff812ce7000 	/System/Library/PrivateFrameworks/DataDetectorsCore.framework/Versions/A/DataDetectorsCore
0x00007ff90f1e2000 	/System/Library/PrivateFrameworks/TextInput.framework/Versions/A/TextInput
0x00007ff80b026000 	/usr/lib/libMobileGestalt.dylib
0x00007ff80ee1e000 	/System/Library/Frameworks/Carbon.framework/Versions/A/Frameworks/HIToolbox.framework/Versions/A/HIToolbox
0x00007ff80d24c000 	/System/Library/Frameworks/QuartzCore.framework/Versions/A/QuartzCore
0x00007ff808125000 	/System/Library/Frameworks/Security.framework/Versions/A/Security
0x00007ff816e7d000 	/System/Library/Frameworks/Carbon.framework/Versions/A/Frameworks/SpeechRecognition.framework/Versions/A/SpeechRecognition
0x00007ff80d5aa000 	/System/Library/PrivateFrameworks/CoreUI.framework/Versions/A/CoreUI
0x00007ff8079ef000 	/System/Library/Frameworks/CoreAudio.framework/Versions/A/CoreAudio
0x00007ff80cb9e000 	/System/Library/Frameworks/DiskArbitration.framework/Versions/A/DiskArbitration
0x00007ff8124a7000 	/System/Library/PrivateFrameworks/MultitouchSupport.framework/Versions/A/MultitouchSupport
0x00007ff80b025000 	/usr/lib/libenergytrace.dylib
0x00007ff808a84000 	/System/Library/Frameworks/IOKit.framework/Versions/A/IOKit
0x00007ff81726d000 	/System/Library/Frameworks/CoreServices.framework/Versions/A/CoreServices
0x00007ff80d7e4000 	/System/Library/PrivateFrameworks/PerformanceAnalysis.framework/Versions/A/PerformanceAnalysis
0x00007ffa1eec4000 	/System/Library/Frameworks/OpenGL.framework/Versions/A/OpenGL
0x00007ff81040e000 	/System/Library/PrivateFrameworks/MobileKeyBag.framework/Versions/A/MobileKeyBag
0x00007ff805f65000 	/usr/lib/libobjc.A.dylib
0x00007ff80bb0e000 	/System/Library/Frameworks/ColorSync.framework/Versions/A/ColorSync
0x00007ff80611f000 	/System/Library/Frameworks/CoreFoundation.framework/Versions/A/CoreFoundation
0x00007ff80f3a2000 	/System/Library/Frameworks/CoreImage.framework/Versions/A/CoreImage
0x00007ff807803000 	/System/Library/Frameworks/CoreText.framework/Versions/A/CoreText
0x00007ff80f15b000 	/System/Library/Frameworks/ImageIO.framework/Versions/A/ImageIO
0x00007ff810ed8000 	/System/Library/PrivateFrameworks/SoftLinking.framework/Versions/A/SoftLinking
0x00007ff80d895000 	/usr/lib/libxml2.2.dylib
0x00007ff80602b000 	/usr/lib/libc++.1.dylib
0x00007ff81115c000 	/usr/lib/libcompression.dylib
0x00007ff812c0e000 	/System/Library/PrivateFrameworks/TextureIO.framework/Versions/A/TextureIO
0x00007ff81184a000 	/usr/lib/libate.dylib
0x00007ff810ecd000 	/usr/lib/system/libcache.dylib
0x00007ff810e89000 	/usr/lib/system/libcommonCrypto.dylib
0x00007ff810eb2000 	/usr/lib/system/libcompiler_rt.dylib
0x00007ff810ea8000 	/usr/lib/system/libcopyfile.dylib
0x00007ff805e60000 	/usr/lib/system/libcorecrypto.dylib
0x00007ff805f1e000 	/usr/lib/system/libdispatch.dylib
0x00007ff8060de000 	/usr/lib/system/libdyld.dylib
0x00007ff810ec4000 	/usr/lib/system/libkeymgr.dylib
0x00007ff810e67000 	/usr/lib/system/libmacho.dylib
0x00007ff8104e8000 	/usr/lib/system/libquarantine.dylib
0x00007ff810ec2000 	/usr/lib/system/libremovefile.dylib
0x00007ff80b073000 	/usr/lib/system/libsystem_asl.dylib
0x00007ff805e09000 	/usr/lib/system/libsystem_blocks.dylib
0x00007ff805fa2000 	/usr/lib/system/libsystem_c.dylib
0x00007ff810eba000 	/usr/lib/system/libsystem_collections.dylib
0x00007ff80f79c000 	/usr/lib/system/libsystem_configuration.dylib
0x00007ff80ea45000 	/usr/lib/system/libsystem_containermanager.dylib
0x00007ff810b9f000 	/usr/lib/system/libsystem_coreservices.dylib
0x00007ff808714000 	/usr/lib/system/libsystem_darwin.dylib
0x00007ff810ec5000 	/usr/lib/system/libsystem_dnssd.dylib
0x00007ff805f9f000 	/usr/lib/system/libsystem_featureflags.dylib
0x00007ff8060f4000 	/usr/lib/system/libsystem_info.dylib
0x00007ff810e05000 	/usr/lib/system/libsystem_m.dylib
0x00007ff805ef2000 	/usr/lib/system/libsystem_malloc.dylib
0x00007ff80b00e000 	/usr/lib/system/libsystem_networkextension.dylib
0x00007ff808b3a000 	/usr/lib/system/libsystem_notify.dylib
0x00007ff817142000 	/usr/lib/system/libsystem_product_info_filter.dylib
0x00007ff80f7a0000 	/usr/lib/system/libsystem_sandbox.dylib
0x00007ff810ebf000 	/usr/lib/system/libsystem_secinit.dylib
0x00007ff80609a000 	/usr/lib/system/libsystem_kernel.dylib
0x00007ff8060ea000 	/usr/lib/system/libsystem_platform.dylib
0x00007ff8060d2000 	/usr/lib/system/libsystem_pthread.dylib
0x00007ff80c8c1000 	/usr/lib/system/libsystem_symptoms.dylib
0x00007ff805e47000 	/usr/lib/system/libsystem_trace.dylib
0x00007ff810e95000 	/usr/lib/system/libunwind.dylib
0x00007ff805e0b000 	/usr/lib/system/libxpc.dylib
0x00007ff806084000 	/usr/lib/libc++abi.dylib
0x00007ff810ea0000 	/usr/lib/liboah.dylib
0x00007ff811626000 	/usr/lib/liblzma.5.dylib
0x00007ff806cad000 	/System/Library/Frameworks/SystemConfiguration.framework/Versions/A/SystemConfiguration
0x00007ff810ed4000 	/usr/lib/libfakelink.dylib
0x00007ff80ab7e000 	/System/Library/Frameworks/CFNetwork.framework/Versions/A/CFNetwork
0x00007ff811015000 	/usr/lib/libarchive.2.dylib
0x00007ff80f7a8000 	/System/Library/PrivateFrameworks/AppleSystemInfo.framework/Versions/A/AppleSystemInfo
0x00007ff81050f000 	/usr/lib/libbsm.0.dylib
0x00007ff80a18d000 	/usr/lib/libnetwork.dylib
0x00007ff810e6d000 	/usr/lib/system/libkxld.dylib
0x00007ff810142000 	/System/Library/PrivateFrameworks/IOMobileFramebuffer.framework/Versions/A/IOMobileFramebuffer
0x00007ffb1e893000 	/usr/lib/libCoreEntitlements.dylib
0x00007ff810b81000 	/System/Library/PrivateFrameworks/AppleFSCompression.framework/Versions/A/AppleFSCompression
0x00007ff8104f7000 	/usr/lib/libcoretls.dylib
0x00007ff811640000 	/usr/lib/libcoretls_cfhelpers.dylib
0x00007ff811157000 	/usr/lib/libpam.2.dylib
0x00007ff80c4e0000 	/usr/lib/libsqlite3.dylib
0x00007ff8116af000 	/usr/lib/libxar.1.dylib
0x00007ff810b91000 	/usr/lib/libbz2.1.0.dylib
0x00007ff810ed9000 	/usr/lib/libpcap.A.dylib
0x00007ff80c8b9000 	/usr/lib/libdns_services.dylib
0x00007ff811127000 	/usr/lib/libapple_nghttp2.dylib
0x00007ff810f13000 	/usr/lib/libiconv.2.dylib
0x00007ff810e66000 	/usr/lib/libcharset.1.dylib
0x00007ff80d818000 	/System/Library/Frameworks/CoreServices.framework/Versions/A/Frameworks/FSEvents.framework/Versions/A/FSEvents
0x00007ff80871e000 	/System/Library/Frameworks/CoreServices.framework/Versions/A/Frameworks/CarbonCore.framework/Versions/A/CarbonCore
0x00007ff80cb02000 	/System/Library/Frameworks/CoreServices.framework/Versions/A/Frameworks/Metadata.framework/Versions/A/Metadata
0x00007ff810ba4000 	/System/Library/Frameworks/CoreServices.framework/Versions/A/Frameworks/OSServices.framework/Versions/A/OSServices
0x00007ff81109c000 	/System/Library/Frameworks/CoreServices.framework/Versions/A/Frameworks/SearchKit.framework/Versions/A/SearchKit
0x00007ff80c84b000 	/System/Library/Frameworks/CoreServices.framework/Versions/A/Frameworks/AE.framework/Versions/A/AE
0x00007ff806622000 	/System/Library/Frameworks/CoreServices.framework/Versions/A/Frameworks/LaunchServices.framework/Versions/A/LaunchServices
0x00007ff8115d7000 	/System/Library/Frameworks/CoreServices.framework/Versions/A/Frameworks/DictionaryServices.framework/Versions/A/DictionaryServices
0x00007ff80d825000 	/System/Library/Frameworks/CoreServices.framework/Versions/A/Frameworks/SharedFileList.framework/Versions/A/SharedFileList
0x00007ff8104eb000 	/usr/lib/libCheckFix.dylib
0x00007ff80b08a000 	/System/Library/PrivateFrameworks/TCC.framework/Versions/A/TCC
0x00007ff80f7ae000 	/System/Library/PrivateFrameworks/CoreNLP.framework/Versions/A/CoreNLP
0x00007ff80cab2000 	/System/Library/PrivateFrameworks/MetadataUtilities.framework/Versions/A/MetadataUtilities
0x00007ff806d5e000 	/usr/lib/libmecabra.dylib
0x00007ff81051f000 	/usr/lib/libmecab.dylib
0x00007ff806d29000 	/usr/lib/libCRFSuite.dylib
0x00007ff810579000 	/usr/lib/libgermantok.dylib
0x00007ff811102000 	/usr/lib/libThaiTokenizer.dylib
0x00007ff80cba5000 	/System/Library/Frameworks/Accelerate.framework/Versions/A/Frameworks/vImage.framework/Versions/A/vImage
0x00007ff817244000 	/System/Library/Frameworks/Accelerate.framework/Versions/A/Frameworks/vecLib.framework/Versions/A/vecLib
0x00007ff8116f0000 	/System/Library/Frameworks/Accelerate.framework/Versions/A/Frameworks/vecLib.framework/Versions/A/libvMisc.dylib
0x00007ff80ff6d000 	/System/Library/Frameworks/Accelerate.framework/Versions/A/Frameworks/vecLib.framework/Versions/A/libvDSP.dylib
0x00007ff80699d000 	/System/Library/Frameworks/Accelerate.framework/Versions/A/Frameworks/vecLib.framework/Versions/A/libBLAS.dylib
0x00007ff811239000 	/System/Library/Frameworks/Accelerate.framework/Versions/A/Frameworks/vecLib.framework/Versions/A/libLAPACK.dylib
0x00007ff81057c000 	/System/Library/Frameworks/Accelerate.framework/Versions/A/Frameworks/vecLib.framework/Versions/A/libLinearAlgebra.dylib
0x00007ff81113f000 	/System/Library/Frameworks/Accelerate.framework/Versions/A/Frameworks/vecLib.framework/Versions/A/libSparseBLAS.dylib
0x00007ff811233000 	/System/Library/Frameworks/Accelerate.framework/Versions/A/Frameworks/vecLib.framework/Versions/A/libQuadrature.dylib
0x00007ff80f899000 	/System/Library/Frameworks/Accelerate.framework/Versions/A/Frameworks/vecLib.framework/Versions/A/libBNNS.dylib
0x00007ff806c37000 	/System/Library/Frameworks/Accelerate.framework/Versions/A/Frameworks/vecLib.framework/Versions/A/libSparse.dylib
0x00007ff80f892000 	/System/Library/PrivateFrameworks/LinguisticData.framework/Versions/A/LinguisticData
0x00007ff806bed000 	/System/Library/PrivateFrameworks/Lexicon.framework/Versions/A/Lexicon
0x00007ff8116e9000 	/usr/lib/libChineseTokenizer.dylib
0x00007ff807358000 	/System/Library/PrivateFrameworks/LanguageModeling.framework/Versions/A/LanguageModeling
0x00007ff811104000 	/System/Library/PrivateFrameworks/AppleSauce.framework/Versions/A/AppleSauce
0x00007ff810130000 	/System/Library/PrivateFrameworks/CoreEmoji.framework/Versions/A/CoreEmoji
0x00007ff811004000 	/usr/lib/libcmph.dylib
0x00007ff80d7fc000 	/System/Library/Frameworks/OpenDirectory.framework/Versions/A/Frameworks/CFOpenDirectory.framework/Versions/A/CFOpenDirectory
0x00007ff80d7f0000 	/System/Library/Frameworks/OpenDirectory.framework/Versions/A/OpenDirectory
0x00007ff811642000 	/System/Library/PrivateFrameworks/APFS.framework/Versions/A/APFS
0x00007ff810446000 	/System/Library/Frameworks/SecurityFoundation.framework/Versions/A/SecurityFoundation
0x00007ff8116bd000 	/usr/lib/libutil.dylib
0x00007ff808a48000 	/System/Library/PrivateFrameworks/CoreServicesStore.framework/Versions/A/CoreServicesStore
0x00007ff8116c1000 	/usr/lib/libxslt.1.dylib
0x00007ff8104d3000 	/System/Library/PrivateFrameworks/BackgroundTaskManagement.framework/Versions/A/BackgroundTaskManagement
0x00007ff812b2e000 	/System/Library/Frameworks/ImageIO.framework/Versions/A/Resources/libRadiance.dylib
0x00007ff812b37000 	/System/Library/Frameworks/ImageIO.framework/Versions/A/Resources/libJPEG.dylib
0x00007ff812a86000 	/System/Library/Frameworks/ImageIO.framework/Versions/A/Resources/libPng.dylib
0x00007ff812aa7000 	/System/Library/Frameworks/ImageIO.framework/Versions/A/Resources/libTIFF.dylib
0x00007ff812b97000 	/System/Library/Frameworks/ImageIO.framework/Versions/A/Resources/libGIF.dylib
0x00007ff8123c1000 	/System/Library/Frameworks/ImageIO.framework/Versions/A/Resources/libJP2.dylib
0x00007ff811aff000 	/usr/lib/libexpat.1.dylib
0x00007ff812376000 	/System/Library/PrivateFrameworks/AppleJPEG.framework/Versions/A/AppleJPEG
0x00007ff80ece2000 	/System/Library/PrivateFrameworks/FontServices.framework/libFontParser.dylib
0x00007ff80c7f5000 	/System/Library/PrivateFrameworks/RunningBoardServices.framework/Versions/A/RunningBoardServices
0x00007ff81d4ff000 	/System/Library/PrivateFrameworks/IOSurfaceAccelerator.framework/Versions/A/IOSurfaceAccelerator
0x00007ff8124a3000 	/System/Library/PrivateFrameworks/WatchdogClient.framework/Versions/A/WatchdogClient
0x00007ff807446000 	/System/Library/Frameworks/CoreDisplay.framework/Versions/A/CoreDisplay
0x00007ff80ebe0000 	/System/Library/Frameworks/CoreMedia.framework/Versions/A/CoreMedia
0x00007ff80ea74000 	/System/Library/PrivateFrameworks/IOAccelerator.framework/Versions/A/IOAccelerator
0x00007ff80d979000 	/System/Library/Frameworks/CoreVideo.framework/Versions/A/CoreVideo
0x00007ff811155000 	/System/Library/Frameworks/MetalPerformanceShaders.framework/Versions/A/MetalPerformanceShaders
0x00007ff8124e0000 	/System/Library/Frameworks/VideoToolbox.framework/Versions/A/VideoToolbox
0x00007ff80c73f000 	/System/Library/PrivateFrameworks/BaseBoard.framework/Versions/A/BaseBoard
0x00007ff80c4c6000 	/System/Library/PrivateFrameworks/ProtocolBuffer.framework/Versions/A/ProtocolBuffer
0x00007ff812b27000 	/System/Library/PrivateFrameworks/GPUWrangler.framework/Versions/A/GPUWrangler
0x00007ff812b0b000 	/System/Library/PrivateFrameworks/IOPresentment.framework/Versions/A/IOPresentment
0x00007ff812b31000 	/System/Library/PrivateFrameworks/DSExternalDisplay.framework/Versions/A/DSExternalDisplay
0x00007ffa1eeb8000 	/System/Library/Frameworks/OpenGL.framework/Versions/A/Libraries/libCoreFSCache.dylib
0x00007ffb0bf8f000 	/System/Library/PrivateFrameworks/GPUCompiler.framework/Versions/31001/Libraries/libGPUCompilerUtils.dylib
0x00007ff812b9c000 	/System/Library/PrivateFrameworks/CMCaptureCore.framework/Versions/A/CMCaptureCore
0x00007ff8120a7000 	/System/Library/PrivateFrameworks/AppServerSupport.framework/Versions/A/AppServerSupport
0x00007ff81436a000 	/System/Library/PrivateFrameworks/perfdata.framework/Versions/A/perfdata
0x00007ff807572000 	/System/Library/PrivateFrameworks/AudioToolboxCore.framework/Versions/A/AudioToolboxCore
0x00007ff80ebbe000 	/System/Library/PrivateFrameworks/caulk.framework/Versions/A/caulk
0x00007ff813c7c000 	/usr/lib/libAudioStatistics.dylib
0x00007ff90b970000 	/System/Library/PrivateFrameworks/SystemPolicy.framework/Versions/A/SystemPolicy
0x00007ff813ed7000 	/usr/lib/libSMC.dylib
0x00007ff81cdf7000 	/System/Library/Frameworks/CoreMIDI.framework/Versions/A/CoreMIDI
0x00007ff812a55000 	/usr/lib/libAudioToolboxUtility.dylib
0x00007ff907b9c000 	/System/Library/PrivateFrameworks/OSAServicesClient.framework/Versions/A/OSAServicesClient
0x00007ff814377000 	/usr/lib/libperfcheck.dylib
0x00007ff90c41d000 	/usr/lib/libmis.dylib
0x00007ffa1ef13000 	/System/Library/Frameworks/OpenGL.framework/Versions/A/Libraries/libGLU.dylib
0x00007ffa1eed7000 	/System/Library/Frameworks/OpenGL.framework/Versions/A/Libraries/libGFXShared.dylib
0x00007ffa1f0e0000 	/System/Library/Frameworks/OpenGL.framework/Versions/A/Libraries/libGL.dylib
0x00007ffa1eee0000 	/System/Library/Frameworks/OpenGL.framework/Versions/A/Libraries/libGLImage.dylib
0x00007ffa1eed4000 	/System/Library/Frameworks/OpenGL.framework/Versions/A/Libraries/libCVMSPluginSupport.dylib
0x00007ffa1eebf000 	/System/Library/Frameworks/OpenGL.framework/Versions/A/Libraries/libCoreVMClient.dylib
0x00007ff80f72a000 	/System/Library/Frameworks/MetalPerformanceShaders.framework/Versions/A/Frameworks/MPSCore.framework/Versions/A/MPSCore
0x00007ff810aec000 	/System/Library/Frameworks/MetalPerformanceShaders.framework/Versions/A/Frameworks/MPSImage.framework/Versions/A/MPSImage
0x00007ff810592000 	/System/Library/Frameworks/MetalPerformanceShaders.framework/Versions/A/Frameworks/MPSNeuralNetwork.framework/Versions/A/MPSNeuralNetwork
0x00007ff810a06000 	/System/Library/Frameworks/MetalPerformanceShaders.framework/Versions/A/Frameworks/MPSMatrix.framework/Versions/A/MPSMatrix
0x00007ff8107c1000 	/System/Library/Frameworks/MetalPerformanceShaders.framework/Versions/A/Frameworks/MPSRayIntersector.framework/Versions/A/MPSRayIntersector
0x00007ff810a3e000 	/System/Library/Frameworks/MetalPerformanceShaders.framework/Versions/A/Frameworks/MPSNDArray.framework/Versions/A/MPSNDArray
0x00007ffa24998000 	/System/Library/Frameworks/MetalPerformanceShaders.framework/Versions/A/Frameworks/MPSFunctions.framework/Versions/A/MPSFunctions
0x00007ff806879000 	/System/Library/PrivateFrameworks/MetalTools.framework/Versions/A/MetalTools
0x00007ff80f7a6000 	/System/Library/PrivateFrameworks/AggregateDictionary.framework/Versions/A/AggregateDictionary
0x00007ff8118e1000 	/usr/lib/libIOReport.dylib
0x00007ffa204ef000 	/System/Library/Frameworks/OpenCL.framework/Versions/A/OpenCL
0x00007ff811c45000 	/System/Library/PrivateFrameworks/FaceCore.framework/Versions/A/FaceCore
0x00007ff811c36000 	/System/Library/PrivateFrameworks/GraphVisualizer.framework/Versions/A/GraphVisualizer
0x00007ffb0be9a000 	/System/Library/PrivateFrameworks/FontServices.framework/Versions/A/FontServices
0x00007ff81205f000 	/System/Library/PrivateFrameworks/OTSVG.framework/Versions/A/OTSVG
0x00007ff80d55f000 	/System/Library/Frameworks/ApplicationServices.framework/Versions/A/Frameworks/ATS.framework/Versions/A/Resources/libFontRegistry.dylib
0x00007ff8120af000 	/System/Library/PrivateFrameworks/FontServices.framework/libhvf.dylib
0x00007ffb0be9b000 	/System/Library/PrivateFrameworks/FontServices.framework/libXTFontStaticRegistryData.dylib
0x00007ff811aaf000 	/System/Library/PrivateFrameworks/AppleVA.framework/Versions/A/AppleVA
0x00007ff813c9c000 	/System/Library/Frameworks/ApplicationServices.framework/Versions/A/Frameworks/ATS.framework/Versions/A/ATS
0x00007ff80bc0c000 	/System/Library/Frameworks/ApplicationServices.framework/Versions/A/Frameworks/HIServices.framework/Versions/A/HIServices
0x00007ff812ba6000 	/System/Library/Frameworks/ApplicationServices.framework/Versions/A/Frameworks/PrintCore.framework/Versions/A/PrintCore
0x00007ff81402a000 	/System/Library/Frameworks/ApplicationServices.framework/Versions/A/Frameworks/QD.framework/Versions/A/QD
0x00007ff814022000 	/System/Library/Frameworks/ApplicationServices.framework/Versions/A/Frameworks/ColorSyncLegacy.framework/Versions/A/ColorSyncLegacy
0x00007ff813c8c000 	/System/Library/Frameworks/ApplicationServices.framework/Versions/A/Frameworks/SpeechSynthesis.framework/Versions/A/SpeechSynthesis
0x00007ff812b67000 	/System/Library/Frameworks/ApplicationServices.framework/Versions/A/Frameworks/ATSUI.framework/Versions/A/ATSUI
0x00007ff813fb7000 	/usr/lib/libcups.2.dylib
0x00007ff814386000 	/System/Library/Frameworks/Kerberos.framework/Versions/A/Kerberos
0x00007ff814395000 	/System/Library/Frameworks/GSS.framework/Versions/A/GSS
0x00007ff813d08000 	/usr/lib/libresolv.9.dylib
0x00007ff8120be000 	/System/Library/PrivateFrameworks/Heimdal.framework/Versions/A/Heimdal
0x00007ff81af7a000 	/System/Library/Frameworks/Kerberos.framework/Versions/A/Libraries/libHeimdalProxy.dylib
0x00007ff80c8c9000 	/System/Library/Frameworks/Network.framework/Versions/A/Network
0x00007ff811b19000 	/usr/lib/libheimdal-asn1.dylib
0x00007ff8143e0000 	/System/Library/PrivateFrameworks/CommonAuth.framework/Versions/A/CommonAuth
0x00007ff813c0e000 	/System/Library/PrivateFrameworks/AudioSession.framework/Versions/A/AudioSession
0x00007ff811ba9000 	/System/Library/PrivateFrameworks/MediaExperience.framework/Versions/A/MediaExperience
0x00007ff813aa0000 	/System/Library/PrivateFrameworks/AudioSession.framework/libSessionUtility.dylib
0x00007ff814036000 	/System/Library/PrivateFrameworks/AudioResourceArbitration.framework/Versions/A/AudioResourceArbitration
0x00007ff8180b7000 	/System/Library/PrivateFrameworks/PowerLog.framework/Versions/A/PowerLog
0x00007ff811b22000 	/System/Library/PrivateFrameworks/IconFoundation.framework/Versions/A/IconFoundation
0x00007ff816e6d000 	/System/Library/PrivateFrameworks/SpeechRecognitionCore.framework/Versions/A/SpeechRecognitionCore
0x000000010b358000 	/Library/Java/JavaVirtualMachines/adoptopenjdk-8.jdk/Contents/Home/jre/lib/server/libjvm.dylib
0x00007ffb1f31f000 	/usr/lib/libstdc++.6.dylib
0x000000010a860000 	/Library/Java/JavaVirtualMachines/adoptopenjdk-8.jdk/Contents/Home/jre/lib/libverify.dylib
0x000000010a8ac000 	/Library/Java/JavaVirtualMachines/adoptopenjdk-8.jdk/Contents/Home/jre/lib/libjava.dylib
0x000000010a87f000 	/Library/Java/JavaVirtualMachines/adoptopenjdk-8.jdk/Contents/Home/jre/lib/libzip.dylib
0x000000010b30c000 	/Library/Java/JavaVirtualMachines/adoptopenjdk-8.jdk/Contents/Home/jre/lib/libnio.dylib
0x000000010b320000 	/Library/Java/JavaVirtualMachines/adoptopenjdk-8.jdk/Contents/Home/jre/lib/libnet.dylib
0x0000000113b46000 	/Users/jackheslop/Library/Caches/JNA/temp/jna8204089641984052411.tmp
0x0000000113726000 	/Library/Java/JavaVirtualMachines/adoptopenjdk-8.jdk/Contents/Home/jre/lib/libmanagement.dylib
0x00000001151a1000 	/Library/Java/JavaVirtualMachines/adoptopenjdk-8.jdk/Contents/Home/jre/lib/libsunec.dylib
0x0000000115e8e000 	/Users/jackheslop/.sbt/1.0/swoval-jni/1865011280776641471-libswoval-files0.dylib
0x00007ff90b494000 	/System/Library/Frameworks/Carbon.framework/Versions/A/Carbon
0x00007ff81e896000 	/System/Library/Frameworks/Carbon.framework/Versions/A/Frameworks/CommonPanels.framework/Versions/A/CommonPanels
0x00007ff81a966000 	/System/Library/Frameworks/Carbon.framework/Versions/A/Frameworks/Help.framework/Versions/A/Help
0x00007ff81e89a000 	/System/Library/Frameworks/Carbon.framework/Versions/A/Frameworks/ImageCapture.framework/Versions/A/ImageCapture
0x00007ff81e86a000 	/System/Library/Frameworks/Carbon.framework/Versions/A/Frameworks/OpenScripting.framework/Versions/A/OpenScripting
0x00007ff81e892000 	/System/Library/Frameworks/Carbon.framework/Versions/A/Frameworks/Ink.framework/Versions/A/Ink
0x00007ff90b490000 	/System/Library/Frameworks/Carbon.framework/Versions/A/Frameworks/Print.framework/Versions/A/Print
0x00007ff81e88e000 	/System/Library/Frameworks/Carbon.framework/Versions/A/Frameworks/SecurityHI.framework/Versions/A/SecurityHI
0x000000012f999000 	/Users/jackheslop/Library/Caches/JNA/temp/jna6550953239110778796.tmp
0x0000000131bda000 	/Users/jackheslop/Library/Caches/JNA/temp/jna8752190021754679483.tmp

VM Arguments:
jvm_args: -Xmx2G -XX:MetaspaceSize=512m -XX:MaxMetaspaceSize=1G -Xss6m 
java_command: /usr/local/Cellar/sbt/1.3.6/libexec/bin/sbt-launch.jar
java_class_path (initial): /usr/local/Cellar/sbt/1.3.6/libexec/bin/sbt-launch.jar
Launcher Type: SUN_STANDARD

Environment Variables:
JAVA_HOME=/Library/Java/JavaVirtualMachines/adoptopenjdk-8.jdk/Contents/Home
PATH=/Users/jackheslop/.nvm/versions/node/v16.3.0/bin:/Users/jackheslop/.gem/ruby/3.0.0/bin:/usr/local/opt/ruby/bin:/usr/local/bin:/usr/bin:/bin:/usr/sbin:/sbin:/usr/local/MacGPG2/bin:/Applications/Privileges.app/Contents/Resources:/usr/local/opt/mongodb-community/bin
SHELL=/bin/bash

Signal Handlers:
SIGSEGV: [libjvm.dylib+0x5867db], sa_mask[0]=11111111011111110111111111111111, sa_flags=SA_ONSTACK|SA_RESTART|SA_SIGINFO
SIGBUS: [libjvm.dylib+0x5867db], sa_mask[0]=11111111011111110111111111111111, sa_flags=SA_RESTART|SA_SIGINFO
SIGFPE: [libjvm.dylib+0x461e20], sa_mask[0]=11111111011111110111111111111111, sa_flags=SA_RESTART|SA_SIGINFO
SIGPIPE: [libjvm.dylib+0x461e20], sa_mask[0]=11111111011111110111111111111111, sa_flags=SA_RESTART|SA_SIGINFO
SIGXFSZ: [libjvm.dylib+0x461e20], sa_mask[0]=11111111011111110111111111111111, sa_flags=SA_RESTART|SA_SIGINFO
SIGILL: [libjvm.dylib+0x461e20], sa_mask[0]=11111111011111110111111111111111, sa_flags=SA_RESTART|SA_SIGINFO
SIGUSR1: SIG_DFL, sa_mask[0]=11011111011111100000000111000110, sa_flags=none
SIGUSR2: [libjvm.dylib+0x46193e], sa_mask[0]=00000000000000000000000000000000, sa_flags=SA_RESTART|SA_SIGINFO
SIGHUP: [libjvm.dylib+0x45fec9], sa_mask[0]=11111111011111110111111111111111, sa_flags=SA_RESTART|SA_SIGINFO
SIGINT: [libjvm.dylib+0x45fec9], sa_mask[0]=11111111011111110111111111111111, sa_flags=SA_RESTART|SA_SIGINFO
SIGTERM: [libjvm.dylib+0x45fec9], sa_mask[0]=11111111011111110111111111111111, sa_flags=SA_RESTART|SA_SIGINFO
SIGQUIT: [libjvm.dylib+0x45fec9], sa_mask[0]=11111111011111110111111111111111, sa_flags=SA_RESTART|SA_SIGINFO


---------------  S Y S T E M  ---------------

OS:Bsduname:Darwin 21.6.0 Darwin Kernel Version 21.6.0: Mon Aug 22 20:17:10 PDT 2022; root:xnu-8020.140.49~2/RELEASE_X86_64 x86_64
rlimit: STACK 8192k, CORE 0k, NPROC 2784, NOFILE 10240, AS infinity
load average:5.64 5.09 5.60

CPU:total 8 (initial active 8) (4 cores per cpu, 2 threads per core) family 6 model 142 stepping 10, cmov, cx8, fxsr, mmx, sse, sse2, sse3, ssse3, sse4.1, sse4.2, popcnt, avx, avx2, aes, clmul, erms, 3dnowpref, lzcnt, ht, tsc, tscinvbit, bmi1, bmi2, adx

Memory: 4k page, physical 16777216k(1204292k free)

/proc/meminfo:


vm_info: OpenJDK 64-Bit Server VM (25.232-b09) for bsd-amd64 JRE (1.8.0_232-b09), built on Oct 19 2019 07:00:21 by "jenkins" with gcc 4.2.1 (Based on Apple Inc. build 5658) (LLVM build 2336.11.00)

time: Wed Sep 21 10:21:19 2022
timezone: BST
elapsed time: 8653 seconds (0d 2h 24m 13s)

